🆕 No pre-trained weights found, starting from scratch.
✅ Using device: cpu

🚀 Epoch 1/40
Epoch 1: Loss = 0.4344, Accuracy = 0.8403
Validation Loss: 0.2383, Accuracy: 0.8942, Precision: 0.8635, Recall: 0.9179, F1 Score: 0.8899
💾 Saved new best model!

🚀 Epoch 2/40
Epoch 2: Loss = 0.2105, Accuracy = 0.9293
Validation Loss: 0.2354, Accuracy: 0.8961, Precision: 0.8834, Recall: 0.9212, F1 Score: 0.9019
💾 Saved new best model!

🚀 Epoch 3/40
Epoch 3: Loss = 0.1787, Accuracy = 0.9361
Validation Loss: 0.1614, Accuracy: 0.9185, Precision: 0.8927, Recall: 0.9216, F1 Score: 0.9069
💾 Saved new best model!

🚀 Epoch 4/40
Epoch 4: Loss = 0.1584, Accuracy = 0.9421
Validation Loss: 0.1328, Accuracy: 0.9223, Precision: 0.9079, Recall: 0.9298, F1 Score: 0.9187
💾 Saved new best model!

🚀 Epoch 5/40
Epoch 5: Loss = 0.1213, Accuracy = 0.9573
Validation Loss: 0.1772, Accuracy: 0.9157, Precision: 0.9146, Recall: 0.9373, F1 Score: 0.9258
⏸️ Early stopping counter: 1/8

🚀 Epoch 6/40
Epoch 6: Loss = 0.1045, Accuracy = 0.9619
Validation Loss: 0.1670, Accuracy: 0.8942, Precision: 0.8944, Recall: 0.9153, F1 Score: 0.9048
⏸️ Early stopping counter: 2/8

🚀 Epoch 7/40
Epoch 7: Loss = 0.0977, Accuracy = 0.9653
Validation Loss: 0.1272, Accuracy: 0.9485, Precision: 0.9416, Recall: 0.9439, F1 Score: 0.9428
💾 Saved new best model!

🚀 Epoch 8/40
Epoch 8: Loss = 0.0689, Accuracy = 0.9772
Validation Loss: 0.0978, Accuracy: 0.9494, Precision: 0.9335, Recall: 0.9540, F1 Score: 0.9437
💾 Saved new best model!

🚀 Epoch 9/40
Epoch 9: Loss = 0.0666, Accuracy = 0.9752
Validation Loss: 0.1898, Accuracy: 0.9298, Precision: 0.8947, Recall: 0.9283, F1 Score: 0.9112
⏸️ Early stopping counter: 1/8

🚀 Epoch 10/40
Epoch 10: Loss = 0.0964, Accuracy = 0.9661
Validation Loss: 0.1202, Accuracy: 0.9335, Precision: 0.9127, Recall: 0.9309, F1 Score: 0.9217
⏸️ Early stopping counter: 2/8

🚀 Epoch 11/40
Epoch 11: Loss = 0.0755, Accuracy = 0.9742
Validation Loss: 0.1015, Accuracy: 0.9476, Precision: 0.9184, Recall: 0.9512, F1 Score: 0.9345
⏸️ Early stopping counter: 3/8

🚀 Epoch 12/40
Epoch 12: Loss = 0.0476, Accuracy = 0.9820
Validation Loss: 0.0866, Accuracy: 0.9616, Precision: 0.9563, Recall: 0.9677, F1 Score: 0.9619
💾 Saved new best model!

🚀 Epoch 13/40
Epoch 13: Loss = 0.0346, Accuracy = 0.9892
Validation Loss: 0.0650, Accuracy: 0.9625, Precision: 0.9525, Recall: 0.9657, F1 Score: 0.9590
💾 Saved new best model!

🚀 Epoch 14/40
Epoch 14: Loss = 0.0384, Accuracy = 0.9874
Validation Loss: 0.0705, Accuracy: 0.9569, Precision: 0.9422, Recall: 0.9482, F1 Score: 0.9452
⏸️ Early stopping counter: 1/8

🚀 Epoch 15/40
Epoch 15: Loss = 0.0303, Accuracy = 0.9904
Validation Loss: 0.1042, Accuracy: 0.9466, Precision: 0.9382, Recall: 0.9510, F1 Score: 0.9445
⏸️ Early stopping counter: 2/8

🚀 Epoch 16/40
Epoch 16: Loss = 0.0290, Accuracy = 0.9908
Validation Loss: 0.0732, Accuracy: 0.9607, Precision: 0.9569, Recall: 0.9667, F1 Score: 0.9618
⏸️ Early stopping counter: 3/8

🚀 Epoch 17/40
Epoch 17: Loss = 0.0239, Accuracy = 0.9912
Validation Loss: 0.0763, Accuracy: 0.9597, Precision: 0.9461, Recall: 0.9608, F1 Score: 0.9534
⏸️ Early stopping counter: 4/8

🚀 Epoch 18/40
Epoch 18: Loss = 0.0196, Accuracy = 0.9942
Validation Loss: 0.0656, Accuracy: 0.9682, Precision: 0.9599, Recall: 0.9662, F1 Score: 0.9630
⏸️ Early stopping counter: 5/8

🚀 Epoch 19/40
Epoch 19: Loss = 0.0198, Accuracy = 0.9944
Validation Loss: 0.0666, Accuracy: 0.9625, Precision: 0.9502, Recall: 0.9645, F1 Score: 0.9573
⏸️ Early stopping counter: 6/8

🚀 Epoch 20/40
Epoch 20: Loss = 0.0167, Accuracy = 0.9954
Validation Loss: 0.0635, Accuracy: 0.9672, Precision: 0.9563, Recall: 0.9690, F1 Score: 0.9626
💾 Saved new best model!

🚀 Epoch 21/40
Epoch 21: Loss = 0.0129, Accuracy = 0.9970
Validation Loss: 0.0697, Accuracy: 0.9654, Precision: 0.9529, Recall: 0.9657, F1 Score: 0.9593
⏸️ Early stopping counter: 1/8

🚀 Epoch 22/40
Epoch 22: Loss = 0.0136, Accuracy = 0.9966
Validation Loss: 0.0571, Accuracy: 0.9691, Precision: 0.9601, Recall: 0.9652, F1 Score: 0.9626
💾 Saved new best model!

🚀 Epoch 23/40
Epoch 23: Loss = 0.0121, Accuracy = 0.9972
Validation Loss: 0.0705, Accuracy: 0.9663, Precision: 0.9566, Recall: 0.9629, F1 Score: 0.9597
⏸️ Early stopping counter: 1/8

🚀 Epoch 24/40
Epoch 24: Loss = 0.0107, Accuracy = 0.9974
Validation Loss: 0.0663, Accuracy: 0.9691, Precision: 0.9613, Recall: 0.9697, F1 Score: 0.9655
⏸️ Early stopping counter: 2/8

🚀 Epoch 25/40
Epoch 25: Loss = 0.0093, Accuracy = 0.9974
Validation Loss: 0.0614, Accuracy: 0.9691, Precision: 0.9663, Recall: 0.9664, F1 Score: 0.9663
⏸️ Early stopping counter: 3/8

🚀 Epoch 26/40
Epoch 26: Loss = 0.0082, Accuracy = 0.9976
Validation Loss: 0.0623, Accuracy: 0.9682, Precision: 0.9623, Recall: 0.9655, F1 Score: 0.9639
⏸️ Early stopping counter: 4/8

🚀 Epoch 27/40
Epoch 27: Loss = 0.0088, Accuracy = 0.9978
Validation Loss: 0.0632, Accuracy: 0.9700, Precision: 0.9642, Recall: 0.9663, F1 Score: 0.9653
⏸️ Early stopping counter: 5/8

🚀 Epoch 28/40
Epoch 28: Loss = 0.0115, Accuracy = 0.9972
Validation Loss: 0.0605, Accuracy: 0.9663, Precision: 0.9576, Recall: 0.9615, F1 Score: 0.9596
⏸️ Early stopping counter: 6/8

🚀 Epoch 29/40
Epoch 29: Loss = 0.0070, Accuracy = 0.9984
Validation Loss: 0.0588, Accuracy: 0.9654, Precision: 0.9571, Recall: 0.9605, F1 Score: 0.9588
⏸️ Early stopping counter: 7/8

🚀 Epoch 30/40
Epoch 30: Loss = 0.0110, Accuracy = 0.9970
Validation Loss: 0.0611, Accuracy: 0.9700, Precision: 0.9613, Recall: 0.9676, F1 Score: 0.9645
⏸️ Early stopping counter: 8/8
🛑 Early stopping triggered!
30 [(1, 0.43439734464463514, 0.8403125626127028), (2, 0.21048278650507712, 0.9292726908435184), (3, 0.17866554782272148, 0.9360849529152474), (4, 0.1583825776604219, 0.9420957723903025), (5, 0.12128748843828455, 0.9573231817271088), (6, 0.10445932196214414, 0.9619314766579844), (7, 0.09772302918971922, 0.9653376076938489), (8, 0.0688976853644141, 0.9771588859947906), (9, 0.06656778967664696, 0.9751552795031055), (10, 0.09639391003964612, 0.9661390502905229), (11, 0.0754854920027682, 0.9741534762572631), (12, 0.047639303715326466, 0.9819675415748347), (13, 0.03463299181058597, 0.9891805249449008), (14, 0.038417628969256885, 0.9873772791023843), (15, 0.030270877640876465, 0.9903826888399119), (16, 0.02899207183658384, 0.9907834101382489), (17, 0.02387743428698741, 0.9911841314365859), (18, 0.019586174920475923, 0.9941895411741134), (19, 0.019838535968656056, 0.9943899018232819), (20, 0.01667600486932012, 0.9953917050691244), (21, 0.012878583199404275, 0.9969945902624725), (22, 0.013564146765230153, 0.9965938689641355), (23, 0.012104660260844797, 0.9971949509116409), (24, 0.01069110041209616, 0.9973953115608094), (25, 0.009300588421842221, 0.9973953115608094), (26, 0.008214947448906083, 0.9975956722099779), (27, 0.008768119063927608, 0.9977960328591464), (28, 0.011503774106714468, 0.9971949509116409), (29, 0.007034286660853421, 0.9983971148066519), (30, 0.010966607876840638, 0.9969945902624725)]
29 [0.23830615729093552, 0.23543516546487808, 0.1614079885184765, 0.13280734699219465, 0.17724063247442245, 0.16704686998855323, 0.127205740660429, 0.09784899838268757, 0.1898042932152748, 0.12017711438238621, 0.10151052102446556, 0.0866160336881876, 0.06504668248817325, 0.07045345916412771, 0.10419740155339241, 0.07317585311830044, 0.07630143099231645, 0.06561100436374545, 0.06655191443860531, 0.06349997699726373, 0.06970609654672444, 0.057085082633420825, 0.07049089390784502, 0.06627377681434155, 0.06140832416713238, 0.062313772505149245, 0.06324658263474703, 0.06054744077846408, 0.05882281204685569]
29 [0.8941947565543071, 0.8960674157303371, 0.9185393258426966, 0.9222846441947565, 0.9157303370786517, 0.8941947565543071, 0.9485018726591761, 0.949438202247191, 0.9297752808988764, 0.9335205992509363, 0.947565543071161, 0.9616104868913857, 0.9625468164794008, 0.9569288389513109, 0.9466292134831461, 0.9606741573033708, 0.9597378277153558, 0.9681647940074907, 0.9625468164794008, 0.9672284644194756, 0.9653558052434457, 0.9691011235955056, 0.9662921348314607, 0.9691011235955056, 0.9691011235955056, 0.9681647940074907, 0.9700374531835206, 0.9662921348314607, 0.9653558052434457]
